0 verbose cli C:\Program Files\nodejs\node.exe C:\Program Files\nodejs\node_modules\npm\bin\npm-cli.js
1 info using npm@9.8.1
2 info using node@v18.18.0
3 timing npm:load:whichnode Completed in 2ms
4 timing config:load:defaults Completed in 4ms
5 timing config:load:file:C:\Users\Dev\AppData\Roaming\nvm\v18.18.0\node_modules\npm\npmrc Completed in 1ms
6 timing config:load:builtin Completed in 1ms
7 timing config:load:cli Completed in 2ms
8 timing config:load:env Completed in 1ms
9 timing config:load:file:D:\Athena\Projects\Athena\Athena_Expo\.npmrc Completed in 0ms
10 timing config:load:project Completed in 1ms
11 timing config:load:file:C:\Users\Dev\.npmrc Completed in 0ms
12 timing config:load:user Completed in 1ms
13 timing config:load:file:C:\Program Files\nodejs\etc\npmrc Completed in 0ms
14 timing config:load:global Completed in 0ms
15 timing config:load:setEnvs Completed in 1ms
16 timing config:load Completed in 11ms
17 timing npm:load:configload Completed in 11ms
18 timing config:load:flatten Completed in 3ms
19 timing npm:load:mkdirpcache Completed in 1ms
20 timing npm:load:mkdirplogs Completed in 1ms
21 verbose title npm run start
22 verbose argv "run" "start" "--cache" "clean"
23 timing npm:load:setTitle Completed in 1ms
24 timing npm:load:display Completed in 0ms
25 verbose logfile logs-max:10 dir:D:\Athena\Projects\Athena\Athena_Expo\clean\_logs\2024-07-08T00_45_44_473Z-
26 verbose logfile D:\Athena\Projects\Athena\Athena_Expo\clean\_logs\2024-07-08T00_45_44_473Z-debug-0.log
27 timing npm:load:logFile Completed in 10ms
28 timing npm:load:timers Completed in 0ms
29 timing npm:load:configScope Completed in 0ms
30 timing npm:load Completed in 51ms
31 silly logfile done cleaning log files
32 http fetch GET 200 https://registry.npmjs.org/npm 2034ms (cache miss)
33 timing command:run Completed in 10404983ms
34 notice
34 notice New [31mmajor[39m version of npm available! [31m9.8.1[39m -> [32m10.8.1[39m
34 notice Changelog: [36mhttps://github.com/npm/cli/releases/tag/v10.8.1[39m
34 notice Run [32mnpm install -g npm@10.8.1[39m to update!
34 notice
35 verbose exit 0
36 timing npm Completed in 10405183ms
37 info ok
